# JRE version: OpenJDK Runtime Environment Temurin-21.0.9+10 (21.0.9+10) (build 21.0.9+10-LTS)
# Java VM: OpenJDK 64-Bit Server VM Temurin-21.0.9+10 (21.0.9+10-LTS, mixed mode, sharing, tiered, compressed oops, compressed class ptrs, g1 gc, windows-amd64)
GC Precious Log:
 CardTable entry size: 512
 Card Set container configuration: InlinePtr #cards 4 size 8 Array Of Cards #cards 16 size 48 Howl #buckets 8 coarsen threshold 3686 Howl Bitmap #cards 512 size 80 coarsen threshold 460 Card regions per heap region 1 cards per card region 4096
 CPUs: 16 total, 16 available
 Memory: 16003M
 Large Page Support: Disabled
 NUMA Support: Disabled
 Compressed Oops: Enabled (Zero based)
 Heap Region Size: 2M
 Heap Min Capacity: 8M
 Heap Initial Capacity: 252M
 Heap Max Capacity: 4002M
 Pre-touch: Disabled
 Parallel Workers: 13
 Concurrent Workers: 3
 Concurrent Refinement Workers: 13
 Periodic GC: Disabled
Heap:
 garbage-first heap   total 67584K, used 51299K [0x0000000705e00000, 0x0000000800000000)
  region size 2048K, 18 young (36864K), 2 survivors (4096K)
 Metaspace       used 41222K, committed 41728K, reserved 1114112K
  class space    used 5334K, committed 5568K, reserved 1048576K
GC Heap History (16 events):
Event: 0.934 GC heap before
{Heap before GC invocations=0 (full 0):
 garbage-first heap   total 258048K, used 20480K [0x0000000705e00000, 0x0000000800000000)
  region size 2048K, 11 young (22528K), 0 survivors (0K)
 Metaspace       used 3532K, committed 3712K, reserved 1114112K
  class space    used 380K, committed 448K, reserved 1048576K
}
Event: 0.939 GC heap after
{Heap after GC invocations=1 (full 0):
 garbage-first heap   total 258048K, used 7378K [0x0000000705e00000, 0x0000000800000000)
  region size 2048K, 2 young (4096K), 2 survivors (4096K)
 Metaspace       used 3532K, committed 3712K, reserved 1114112K
  class space    used 380K, committed 448K, reserved 1048576K
}
Event: 1.413 GC heap before
{Heap before GC invocations=1 (full 0):
 garbage-first heap   total 258048K, used 27858K [0x0000000705e00000, 0x0000000800000000)
  region size 2048K, 13 young (26624K), 2 survivors (4096K)
 Metaspace       used 6918K, committed 7104K, reserved 1114112K
  class space    used 769K, committed 832K, reserved 1048576K
}
Event: 1.420 GC heap after
{Heap after GC invocations=2 (full 0):
 garbage-first heap   total 258048K, used 11863K [0x0000000705e00000, 0x0000000800000000)
  region size 2048K, 2 young (4096K), 2 survivors (4096K)
 Metaspace       used 6918K, committed 7104K, reserved 1114112K
  class space    used 769K, committed 832K, reserved 1048576K
}
Event: 5.362 GC heap before
{Heap before GC invocations=2 (full 0):
 garbage-first heap   total 258048K, used 61015K [0x0000000705e00000, 0x0000000800000000)
  region size 2048K, 26 young (53248K), 2 survivors (4096K)
 Metaspace       used 19890K, committed 20288K, reserved 1114112K
  class space    used 2447K, committed 2624K, reserved 1048576K
}
Event: 5.370 GC heap after
{Heap after GC invocations=3 (full 0):
 garbage-first heap   total 258048K, used 16004K [0x0000000705e00000, 0x0000000800000000)
  region size 2048K, 4 young (8192K), 4 survivors (8192K)
 Metaspace       used 19890K, committed 20288K, reserved 1114112K
  class space    used 2447K, committed 2624K, reserved 1048576K
}
Event: 5.483 GC heap before
{Heap before GC invocations=3 (full 0):
 garbage-first heap   total 258048K, used 22148K [0x0000000705e00000, 0x0000000800000000)
  region size 2048K, 8 young (16384K), 4 survivors (8192K)
 Metaspace       used 21207K, committed 21504K, reserved 1114112K
  class space    used 2625K, committed 2752K, reserved 1048576K
}
Event: 5.488 GC heap after
{Heap after GC invocations=4 (full 0):
 garbage-first heap   total 258048K, used 16004K [0x0000000705e00000, 0x0000000800000000)
  region size 2048K, 4 young (8192K), 4 survivors (8192K)
 Metaspace       used 21207K, committed 21504K, reserved 1114112K
  class space    used 2625K, committed 2752K, reserved 1048576K
}
Event: 6.762 GC heap before
{Heap before GC invocations=5 (full 0):
 garbage-first heap   total 55296K, used 54916K [0x0000000705e00000, 0x0000000800000000)
  region size 2048K, 23 young (47104K), 4 survivors (8192K)
 Metaspace       used 28542K, committed 28992K, reserved 1114112K
  class space    used 3602K, committed 3840K, reserved 1048576K
}
Event: 6.772 GC heap after
{Heap after GC invocations=6 (full 0):
 garbage-first heap   total 67584K, used 18421K [0x0000000705e00000, 0x0000000800000000)
  region size 2048K, 6 young (12288K), 6 survivors (12288K)
 Metaspace       used 28542K, committed 28992K, reserved 1114112K
  class space    used 3602K, committed 3840K, reserved 1048576K
}
Event: 10.066 GC heap before
{Heap before GC invocations=6 (full 0):
 garbage-first heap   total 67584K, used 45045K [0x0000000705e00000, 0x0000000800000000)
  region size 2048K, 19 young (38912K), 6 survivors (12288K)
 Metaspace       used 30144K, committed 30592K, reserved 1114112K
  class space    used 3759K, committed 3968K, reserved 1048576K
}
Event: 10.083 GC heap after
{Heap after GC invocations=7 (full 0):
 garbage-first heap   total 67584K, used 19173K [0x0000000705e00000, 0x0000000800000000)
  region size 2048K, 3 young (6144K), 3 survivors (6144K)
 Metaspace       used 30144K, committed 30592K, reserved 1114112K
  class space    used 3759K, committed 3968K, reserved 1048576K
}
Event: 15.460 GC heap before
{Heap before GC invocations=7 (full 0):
 garbage-first heap   total 67584K, used 51941K [0x0000000705e00000, 0x0000000800000000)
  region size 2048K, 19 young (38912K), 3 survivors (6144K)
 Metaspace       used 33736K, committed 34176K, reserved 1114112K
  class space    used 4288K, committed 4480K, reserved 1048576K
}
Event: 15.477 GC heap after
{Heap after GC invocations=8 (full 0):
 garbage-first heap   total 67584K, used 21836K [0x0000000705e00000, 0x0000000800000000)
  region size 2048K, 3 young (6144K), 3 survivors (6144K)
 Metaspace       used 33736K, committed 34176K, reserved 1114112K
  class space    used 4288K, committed 4480K, reserved 1048576K
}
Event: 16.867 GC heap before
{Heap before GC invocations=8 (full 0):
 garbage-first heap   total 67584K, used 27980K [0x0000000705e00000, 0x0000000800000000)
  region size 2048K, 7 young (14336K), 3 survivors (6144K)
 Metaspace       used 35639K, committed 36096K, reserved 1114112K
  class space    used 4536K, committed 4736K, reserved 1048576K
}
Event: 16.878 GC heap after
{Heap after GC invocations=9 (full 0):
 garbage-first heap   total 67584K, used 22627K [0x0000000705e00000, 0x0000000800000000)
  region size 2048K, 2 young (4096K), 2 survivors (4096K)
 Metaspace       used 35639K, committed 36096K, reserved 1114112K
  class space    used 4536K, committed 4736K, reserved 1048576K
}

